============================= test session starts =============================
platform win32 -- Python 3.11.14, pytest-9.0.2, pluggy-1.6.0 -- C:\Users\tan_s\miniconda3\envs\OpenLPT\python.exe
cachedir: .pytest_cache
rootdir: D:\0.Code\OpenLPTGUI\OpenLPT
configfile: pyproject.toml
collecting ... collected 76 items

modules/camera_calibration/wand_calibration/test_refractive_bootstrap.py::test_phase3_rms_residual_slicing PASSED [  1%]
modules/camera_calibration/wand_calibration/test_refractive_bootstrap.py::test_homogeneous_division_guarded PASSED [  2%]
modules/camera_calibration/wand_calibration/test_refractive_bootstrap.py::TestPhase1Gauge::test_phase1_cam_i_frozen PASSED [  3%]
modules/camera_calibration/wand_calibration/test_refractive_bootstrap.py::TestPhase3Gauge::test_phase3_first_camera_frozen PASSED [  5%]
modules/camera_calibration/wand_calibration/test_refractive_bootstrap.py::TestInlierFiltering::test_ransac_outliers_filtered PASSED [  6%]
modules/camera_calibration/wand_calibration/test_refractive_bootstrap.py::TestBarrierConfig::test_barrier_config_fields_exist PASSED [  7%]
modules/camera_calibration/wand_calibration/test_refractive_bootstrap.py::TestBarrierResiduals::test_feasible_gap_residuals_near_zero PASSED [  9%]
modules/camera_calibration/wand_calibration/test_refractive_bootstrap.py::TestBarrierResiduals::test_violating_gap_positive_and_smooth_near_zero PASSED [ 10%]
modules/camera_calibration/wand_calibration/test_refractive_bootstrap.py::TestPinholeBootstrapP0ConfigValidation::test_valid_config_accepted PASSED [ 11%]
modules/camera_calibration/wand_calibration/test_refractive_bootstrap.py::TestPinholeBootstrapP0ConfigValidation::test_negative_wand_length_rejected PASSED [ 13%]
modules/camera_calibration/wand_calibration/test_refractive_bootstrap.py::TestPinholeBootstrapP0ConfigValidation::test_zero_wand_length_rejected PASSED [ 14%]
modules/camera_calibration/wand_calibration/test_refractive_bootstrap.py::TestPinholeBootstrapP0ConfigValidation::test_negative_ui_focal_rejected PASSED [ 15%]
modules/camera_calibration/wand_calibration/test_refractive_bootstrap.py::TestPinholeBootstrapP0ConfigValidation::test_zero_ui_focal_rejected PASSED [ 17%]
modules/camera_calibration/wand_calibration/test_refractive_bootstrap.py::TestPinholeBootstrapP0ConfigValidation::test_negative_ftol_rejected PASSED [ 18%]
modules/camera_calibration/wand_calibration/test_refractive_bootstrap.py::TestPinholeBootstrapP0ConfigValidation::test_zero_ftol_rejected PASSED [ 19%]
modules/camera_calibration/wand_calibration/test_refractive_bootstrap.py::TestPinholeBootstrapP0ConfigValidation::test_negative_xtol_rejected PASSED [ 21%]
modules/camera_calibration/wand_calibration/test_refractive_bootstrap.py::TestPinholeBootstrapP0ConfigValidation::test_zero_xtol_rejected PASSED [ 22%]
modules/camera_calibration/wand_calibration/test_refractive_bootstrap.py::TestPinholeBootstrapP0ConfigValidation::test_nan_wand_length_rejected PASSED [ 23%]
modules/camera_calibration/wand_calibration/test_refractive_bootstrap.py::TestPinholeBootstrapP0ConfigValidation::test_inf_wand_length_rejected PASSED [ 25%]
modules/camera_calibration/wand_calibration/test_refractive_bootstrap.py::TestPinholeBootstrapP0ConfigValidation::test_nan_ui_focal_rejected PASSED [ 26%]
modules/camera_calibration/wand_calibration/test_refractive_bootstrap.py::TestPinholeBootstrapP0ConfigValidation::test_inf_ui_focal_rejected PASSED [ 27%]
modules/camera_calibration/wand_calibration/test_refractive_bootstrap.py::TestPinholeBootstrapP0ConfigValidation::test_nan_ftol_rejected PASSED [ 28%]
modules/camera_calibration/wand_calibration/test_refractive_bootstrap.py::TestPinholeBootstrapP0ConfigValidation::test_inf_ftol_rejected PASSED [ 30%]
modules/camera_calibration/wand_calibration/test_refractive_bootstrap.py::TestPinholeBootstrapP0ConfigValidation::test_nan_xtol_rejected PASSED [ 31%]
modules/camera_calibration/wand_calibration/test_refractive_bootstrap.py::TestPinholeBootstrapP0ConfigValidation::test_inf_xtol_rejected PASSED [ 32%]
modules/camera_calibration/wand_calibration/test_refractive_bootstrap.py::TestPhase3HuberLoss::test_huber_downweights_large_residuals PASSED [ 34%]
modules/camera_calibration/wand_calibration/test_refractive_bootstrap.py::TestPhase3HuberLoss::test_huber_linear_for_small_residuals PASSED [ 35%]
modules/camera_calibration/wand_calibration/test_refractive_bootstrap.py::TestCheiralityCheck::test_behind_camera_returns_nan PASSED [ 36%]
modules/camera_calibration/wand_calibration/test_refractive_bootstrap.py::TestCheiralityCheck::test_on_camera_plane_returns_nan PASSED [ 38%]
modules/camera_calibration/wand_calibration/test_refractive_bootstrap.py::TestCheiralityCheck::test_in_front_camera_returns_finite PASSED [ 39%]
modules/camera_calibration/wand_calibration/test_refractive_bootstrap.py::TestDiagnosticsImproved::test_diagnostics_includes_point_b PASSED [ 40%]
modules/camera_calibration/wand_calibration/test_refractive_bootstrap.py::TestDiagnosticsImproved::test_frame_cap_warning PASSED [ 42%]
modules/camera_calibration/wand_calibration/test_refractive_bootstrap.py::TestDiagnosticsImproved::test_frame_cap_no_warning_under_limit PASSED [ 43%]
modules/camera_calibration/wand_calibration/test_wand_calibrator_fixes.py::TestRefractiveBAOptimizerUnit::test_constructor_initializes_state PASSED [ 44%]
modules/camera_calibration/wand_calibration/test_wand_calibrator_fixes.py::TestRefractiveBAOptimizerUnit::test_evaluate_residuals PASSED [ 46%]
modules/camera_calibration/wand_calibration/test_wand_calibrator_fixes.py::TestRefractiveBAOptimizerUnit::test_synthetic_cloud_radii PASSED [ 47%]
modules/camera_calibration/wand_calibration/test_wand_calibrator_fixes.py::TestFactoryFunctions::test_make_cam_params PASSED [ 48%]
modules/camera_calibration/wand_calibration/test_wand_calibrator_fixes.py::TestFactoryFunctions::test_make_minimal_dataset PASSED [ 50%]
modules/camera_calibration/wand_calibration/test_wand_calibrator_fixes.py::TestFactoryFunctions::test_make_window_media PASSED [ 51%]
modules/camera_calibration/wand_calibration/test_wand_calibrator_fixes.py::TestFactoryFunctions::test_make_window_planes PASSED [ 52%]
modules/camera_calibration/wand_calibration/test_wand_calibrator_fixes.py::TestValidateRadii::test_non_finite_raises PASSED [ 53%]
modules/camera_calibration/wand_calibration/test_wand_calibrator_fixes.py::TestValidateRadii::test_non_positive_raises PASSED [ 55%]
modules/camera_calibration/wand_calibration/test_wand_calibrator_fixes.py::TestValidateRadii::test_out_of_range_raises PASSED [ 56%]
modules/camera_calibration/wand_calibration/test_wand_calibrator_fixes.py::TestValidateRadii::test_valid_radii PASSED [ 57%]
modules/camera_calibration/wand_calibration/test_wand_calibrator_fixes.py::TestValidateRadii::test_wrong_order_raises PASSED [ 59%]
modules/camera_calibration/wand_calibration/test_wand_calibrator_fixes.py::TestCheckOptimizationResult::test_status_0 PASSED [ 60%]
modules/camera_calibration/wand_calibration/test_wand_calibrator_fixes.py::TestCheckOptimizationResult::test_status_ge_1 PASSED [ 61%]
modules/camera_calibration/wand_calibration/test_wand_calibrator_fixes.py::TestCheckOptimizationResult::test_status_neg1 PASSED [ 63%]
modules/camera_calibration/wand_calibration/test_wand_calibrator_fixes.py::TestRefractiveBAOptimizationStatus::test_all_positive_statuses_accepted 
modules/camera_calibration/wand_calibration/test_wand_calibrator_fixes.py::TestRefractiveBAOptimizationStatus::test_all_positive_statuses_accepted PASSED [ 64%]
modules/camera_calibration/wand_calibration/test_wand_calibrator_fixes.py::TestRefractiveBAOptimizationStatus::test_b3_bundle_status_0_warning PASSED [ 65%]
modules/camera_calibration/wand_calibration/test_wand_calibrator_fixes.py::TestRefractiveBAOptimizationStatus::test_b3_bundle_status_1_accepted PASSED [ 67%]
modules/camera_calibration/wand_calibration/test_wand_calibrator_fixes.py::TestRefractiveBAOptimizationStatus::test_b3_bundle_status_2_accepted PASSED [ 68%]
modules/camera_calibration/wand_calibration/test_wand_calibrator_fixes.py::TestRefractiveBAOptimizationStatus::test_b3_bundle_status_3_accepted PASSED [ 69%]
modules/camera_calibration/wand_calibration/test_wand_calibrator_fixes.py::TestRefractiveBAOptimizationStatus::test_b3_bundle_status_4_accepted PASSED [ 71%]
modules/camera_calibration/wand_calibration/test_wand_calibrator_fixes.py::TestRefractiveBAOptimizationStatus::test_b3_bundle_status_minus1_error PASSED [ 72%]
modules/camera_calibration/wand_calibration/test_wand_calibrator_fixes.py::TestRefractiveBAOptimizationStatus::test_b3_sequence_status_0_warning PASSED [ 73%]
modules/camera_calibration/wand_calibration/test_wand_calibrator_fixes.py::TestRefractiveBAOptimizationStatus::test_b3_sequence_status_1_accepted PASSED [ 75%]
modules/camera_calibration/wand_calibration/test_wand_calibrator_fixes.py::TestRefractiveBAOptimizationStatus::test_b3_sequence_status_minus1_error PASSED [ 76%]
modules/camera_calibration/wand_calibration/test_wand_calibrator_fixes.py::TestRefractiveBAOptimizationStatus::test_status_0_not_raising PASSED [ 77%]
modules/camera_calibration/wand_calibration/test_wand_calibrator_fixes.py::TestRefractiveBAOptimizationStatus::test_status_minus1_not_accepted 
modules/camera_calibration/wand_calibration/test_wand_calibrator_fixes.py::TestRefractiveBAOptimizationStatus::test_status_minus1_not_accepted PASSED [ 78%]
modules/camera_calibration/wand_calibration/test_wand_calibrator_fixes.py::TestBuildOptimizerForTest::test_returns_optimizer PASSED [ 80%]
modules/camera_calibration/wand_calibration/test_wand_calibrator_fixes.py::TestRobustPlanePointInit::test_median_of_points PASSED [ 81%]
modules/camera_calibration/wand_calibration/test_wand_calibrator_fixes.py::TestRobustPlanePointInit::test_single_point PASSED [ 82%]
modules/camera_calibration/wand_calibration/test_wand_calibrator_fixes.py::TestPlaneInitialization::test_p2_robust_median PASSED [ 84%]
modules/camera_calibration/wand_calibration/test_wand_calibrator_fixes.py::TestPlaneInitialization::test_p2_single_point_still_works PASSED [ 85%]
modules/camera_calibration/wand_calibration/test_wand_calibrator_fixes.py::TestWandCalibratorB5Fixes::test_b5_defaults_fallback PASSED [ 86%]
modules/camera_calibration/wand_calibration/test_wand_calibrator_fixes.py::TestRefractiveOptimizerB1Fixes::test_b1_baseline_geometric_consistency PASSED [ 88%]
modules/camera_calibration/wand_calibration/test_wand_calibrator_fixes.py::TestRefractiveOptimizerB1Fixes::test_b1_plane_point_uses_new_normal PASSED [ 89%]
modules/camera_calibration/wand_calibration/test_wand_calibrator_fixes.py::TestRefractiveBAStatusValidation::test_b3_check_optimization_result_contract PASSED [ 90%]
modules/camera_calibration/wand_calibration/test_wand_calibrator_fixes.py::TestRefractiveBAStatusValidation::test_b3_status_validation_exists_in_source PASSED [ 92%]
modules/camera_calibration/wand_calibration/test_wand_calibrator_fixes.py::TestBarrierTuning::test_barrier_schedule_wiring PASSED [ 93%]
modules/camera_calibration/wand_calibration/test_wand_calibrator_fixes.py::TestBarrierTuning::test_p1_barrier_profile_applied PASSED [ 94%]
modules/camera_calibration/wand_calibration/test_wand_calibrator_fixes.py::TestAdaptiveSigma::test_p3_sigma_adaptation PASSED [ 96%]
modules/camera_calibration/wand_calibration/test_wand_calibrator_fixes.py::TestAdaptiveSigma::test_p3_sigma_schedule_config_exists PASSED [ 97%]
modules/camera_calibration/wand_calibration/test_wand_calibrator_fixes.py::TestToleranceTuning::test_p4_per_stage_tolerance PASSED [ 98%]
modules/camera_calibration/wand_calibration/test_wand_calibrator_fixes.py::TestToleranceTuning::test_p4_tolerance_schedule_config_exists PASSED [100%]

==================== 76 passed, 9 subtests passed in 0.92s ====================
